<html>
<head>
<title>TestNG:  ChromeTest</title>
<link href="../testng.css" rel="stylesheet" type="text/css" />
<link href="../my-testng.css" rel="stylesheet" type="text/css" />

<style type="text/css">
.log { display: none;} 
.stack-trace { display: none;} 
</style>
<script type="text/javascript">
<!--
function flip(e) {
  current = e.style.display;
  if (current == 'block') {
    e.style.display = 'none';
    return 0;
  }
  else {
    e.style.display = 'block';
    return 1;
  }
}

function toggleBox(szDivId, elem, msg1, msg2)
{
  var res = -1;  if (document.getElementById) {
    res = flip(document.getElementById(szDivId));
  }
  else if (document.all) {
    // this is the way old msie versions work
    res = flip(document.all[szDivId]);
  }
  if(elem) {
    if(res == 0) elem.innerHTML = msg1; else elem.innerHTML = msg2;
  }

}

function toggleAllBoxes() {
  if (document.getElementsByTagName) {
    d = document.getElementsByTagName('div');
    for (i = 0; i < d.length; i++) {
      if (d[i].className == 'log') {
        flip(d[i]);
      }
    }
  }
}

// -->
</script>

</head>
<body>
<h2 align='center'>ChromeTest</h2><table border='1' align="center">
<tr>
<td>Tests passed/Failed/Skipped:</td><td>29/1/0</td>
</tr><tr>
<td>Started on:</td><td>Mon Apr 08 16:29:33 IST 2024</td>
</tr>
<tr><td>Total time:</td><td>201 seconds (201378 ms)</td>
</tr><tr>
<td>Included groups:</td><td></td>
</tr><tr>
<td>Excluded groups:</td><td></td>
</tr>
</table><p/>
<small><i>(Hover the method name to see the test class name)</i></small><p/>
<table width='100%' border='1' class='invocation-failed'>
<tr><td colspan='4' align='center'><b>FAILED TESTS</b></td></tr>
<tr><td><b>Test method</b></td>
<td><b>Attribute(s)</b></td>
<td width="30%"><b>Exception</b></td>
<td width="10%"><b>Time (seconds)</b></td>
<td><b>Instance</b></td>
</tr>
<tr>
<td title='testCase.TS_02_ValidationOfScheduling.validationOfThankYouMessage()'><b>validationOfThankYouMessage</b><br>Test class: testCase.TS_02_ValidationOfScheduling</td>
<td><div><pre>org.openqa.selenium.NoSuchElementException: no such element: Unable to locate element: {&quot;method&quot;:&quot;xpath&quot;,&quot;selector&quot;:&quot;//div[@class=&apos;u-text--bold text-alpha&apos;]&quot;}
  (Session info: chrome=120.0.6099.130)
For documentation on this error, please visit: https://www.selenium.dev/documentation/webdriver/troubleshooting/errors#no-such-element-exception
Build info: version: &apos;4.19.1&apos;, revision: &apos;abe0ee07dc&apos;
System info: os.name: &apos;Windows 11&apos;, os.arch: &apos;amd64&apos;, os.version: &apos;10.0&apos;, java.version: &apos;17.0.9&apos;
Driver info: org.openqa.selenium.chrome.ChromeDriver
Command: [7acbb126f39b6f25290a0e570b5aa784, findElement {value=//div[@class=&apos;u-text--bold text-alpha&apos;], using=xpath}]
Capabilities {acceptInsecureCerts: false, browserName: chrome, browserVersion: 120.0.6099.130, chrome: {chromedriverVersion: 120.0.6099.109 (3419140ab66..., userDataDir: C:\WINDOWS\SystemTemp\scope...}, fedcm:accounts: true, goog:chromeOptions: {debuggerAddress: localhost:54742}, networkConnectionEnabled: false, pageLoadStrategy: normal, platformName: windows, proxy: Proxy(), se:cdp: ws://localhost:54742/devtoo..., se:cdpVersion: 120.0.6099.130, setWindowRect: true, strictFileInteractability: false, timeouts: {implicit: 0, pageLoad: 300000, script: 30000}, unhandledPromptBehavior: dismiss and notify, webauthn:extension:credBlob: true, webauthn:extension:largeBlob: true, webauthn:extension:minPinLength: true, webauthn:extension:prf: true, webauthn:virtualAuthenticators: true}
Session ID: 7acbb126f39b6f25290a0e570b5aa784
	at org.openqa.selenium.remote.ErrorCodec.decode(ErrorCodec.java:167)
	at org.openqa.selenium.remote.codec.w3c.W3CHttpResponseCodec.decode(W3CHttpResponseCodec.java:138)
	at org.openqa.selenium.remote.codec.w3c.W3CHttpResponseCodec.decode(W3CHttpResponseCodec.java:50)
	at org.openqa.selenium.remote.HttpCommandExecutor.execute(HttpCommandExecutor.java:190)
	at org.openqa.selenium.remote.service.DriverCommandExecutor.invokeExecute(DriverCommandExecutor.java:216)
	at org.openqa.selenium.remote.service.DriverCommandExecutor.execute(DriverCommandExecutor.java:174)
	at org.openqa.selenium.remote.RemoteWebDriver.execute(RemoteWebDriver.java:518)
	at org.openqa.selenium.remote.ElementLocation$ElementFinder$2.findElement(ElementLocation.java:165)
	at org.openqa.selenium.remote.ElementLocation.findElement(ElementLocation.java:59)
	at org.openqa.selenium.remote.RemoteWebDriver.findElement(RemoteWebDriver.java:355)
	at org.openqa.selenium.remote.RemoteWebDriver.findElement(RemoteWebDriver.java:349)
	at org.openqa.selenium.support.pagefactory.DefaultElementLocator.findElement(DefaultElementLocator.java:68)
	at org.openqa.selenium.support.pagefactory.internal.LocatingElementHandler.invoke(LocatingElementHandler.java:38)
	at jdk.proxy2/jdk.proxy2.$Proxy28.getText(Unknown Source)
	at pageObjectModel.EmployeeHealthElements.getConformationMessage(EmployeeHealthElements.java:92)
	at testCase.TS_02_ValidationOfScheduling.validationOfThankYouMessage(TS_02_ValidationOfScheduling.java:108)
	at java.base/java.util.concurrent.Executors$RunnableAdapter.call(Executors.java:539)
	at java.base/java.util.concurrent.FutureTask.run(FutureTask.java:264)
	at java.base/java.util.concurrent.ThreadPoolExecutor.runWorker(ThreadPoolExecutor.java:1136)
	at java.base/java.util.concurrent.ThreadPoolExecutor$Worker.run(ThreadPoolExecutor.java:635)
	at java.base/java.lang.Thread.run(Thread.java:840)
... Removed 18 stack frames</pre></div><a href='#' onClick='toggleBox("stack-trace924732026", this, "Click to show all stack frames", "Click to hide stack frames")'>Click to show all stack frames</a>
<div class='stack-trace' id='stack-trace924732026'><pre>org.openqa.selenium.NoSuchElementException: no such element: Unable to locate element: {&quot;method&quot;:&quot;xpath&quot;,&quot;selector&quot;:&quot;//div[@class=&apos;u-text--bold text-alpha&apos;]&quot;}
  (Session info: chrome=120.0.6099.130)
For documentation on this error, please visit: https://www.selenium.dev/documentation/webdriver/troubleshooting/errors#no-such-element-exception
Build info: version: &apos;4.19.1&apos;, revision: &apos;abe0ee07dc&apos;
System info: os.name: &apos;Windows 11&apos;, os.arch: &apos;amd64&apos;, os.version: &apos;10.0&apos;, java.version: &apos;17.0.9&apos;
Driver info: org.openqa.selenium.chrome.ChromeDriver
Command: [7acbb126f39b6f25290a0e570b5aa784, findElement {value=//div[@class=&apos;u-text--bold text-alpha&apos;], using=xpath}]
Capabilities {acceptInsecureCerts: false, browserName: chrome, browserVersion: 120.0.6099.130, chrome: {chromedriverVersion: 120.0.6099.109 (3419140ab66..., userDataDir: C:\WINDOWS\SystemTemp\scope...}, fedcm:accounts: true, goog:chromeOptions: {debuggerAddress: localhost:54742}, networkConnectionEnabled: false, pageLoadStrategy: normal, platformName: windows, proxy: Proxy(), se:cdp: ws://localhost:54742/devtoo..., se:cdpVersion: 120.0.6099.130, setWindowRect: true, strictFileInteractability: false, timeouts: {implicit: 0, pageLoad: 300000, script: 30000}, unhandledPromptBehavior: dismiss and notify, webauthn:extension:credBlob: true, webauthn:extension:largeBlob: true, webauthn:extension:minPinLength: true, webauthn:extension:prf: true, webauthn:virtualAuthenticators: true}
Session ID: 7acbb126f39b6f25290a0e570b5aa784
	at java.base/jdk.internal.reflect.NativeConstructorAccessorImpl.newInstance0(Native Method)
	at java.base/jdk.internal.reflect.NativeConstructorAccessorImpl.newInstance(NativeConstructorAccessorImpl.java:77)
	at java.base/jdk.internal.reflect.DelegatingConstructorAccessorImpl.newInstance(DelegatingConstructorAccessorImpl.java:45)
	at java.base/java.lang.reflect.Constructor.newInstanceWithCaller(Constructor.java:499)
	at java.base/java.lang.reflect.Constructor.newInstance(Constructor.java:480)
	at org.openqa.selenium.remote.ErrorCodec.decode(ErrorCodec.java:167)
	at org.openqa.selenium.remote.codec.w3c.W3CHttpResponseCodec.decode(W3CHttpResponseCodec.java:138)
	at org.openqa.selenium.remote.codec.w3c.W3CHttpResponseCodec.decode(W3CHttpResponseCodec.java:50)
	at org.openqa.selenium.remote.HttpCommandExecutor.execute(HttpCommandExecutor.java:190)
	at org.openqa.selenium.remote.service.DriverCommandExecutor.invokeExecute(DriverCommandExecutor.java:216)
	at org.openqa.selenium.remote.service.DriverCommandExecutor.execute(DriverCommandExecutor.java:174)
	at org.openqa.selenium.remote.RemoteWebDriver.execute(RemoteWebDriver.java:518)
	at org.openqa.selenium.remote.ElementLocation$ElementFinder$2.findElement(ElementLocation.java:165)
	at org.openqa.selenium.remote.ElementLocation.findElement(ElementLocation.java:59)
	at org.openqa.selenium.remote.RemoteWebDriver.findElement(RemoteWebDriver.java:355)
	at org.openqa.selenium.remote.RemoteWebDriver.findElement(RemoteWebDriver.java:349)
	at org.openqa.selenium.support.pagefactory.DefaultElementLocator.findElement(DefaultElementLocator.java:68)
	at org.openqa.selenium.support.pagefactory.internal.LocatingElementHandler.invoke(LocatingElementHandler.java:38)
	at jdk.proxy2/jdk.proxy2.$Proxy28.getText(Unknown Source)
	at pageObjectModel.EmployeeHealthElements.getConformationMessage(EmployeeHealthElements.java:92)
	at testCase.TS_02_ValidationOfScheduling.validationOfThankYouMessage(TS_02_ValidationOfScheduling.java:108)
	at java.base/jdk.internal.reflect.NativeMethodAccessorImpl.invoke0(Native Method)
	at java.base/jdk.internal.reflect.NativeMethodAccessorImpl.invoke(NativeMethodAccessorImpl.java:77)
	at java.base/jdk.internal.reflect.DelegatingMethodAccessorImpl.invoke(DelegatingMethodAccessorImpl.java:43)
	at java.base/java.lang.reflect.Method.invoke(Method.java:568)
	at org.testng.internal.invokers.MethodInvocationHelper.invokeMethod(MethodInvocationHelper.java:139)
	at org.testng.internal.invokers.TestInvoker.invokeMethod(TestInvoker.java:664)
	at org.testng.internal.invokers.TestInvoker.invokeTestMethod(TestInvoker.java:228)
	at org.testng.internal.invokers.MethodRunner.runInSequence(MethodRunner.java:63)
	at org.testng.internal.invokers.TestInvoker$MethodInvocationAgent.invoke(TestInvoker.java:961)
	at org.testng.internal.invokers.TestInvoker.invokeTestMethods(TestInvoker.java:201)
	at org.testng.internal.invokers.TestMethodWorker.invokeTestMethods(TestMethodWorker.java:148)
	at org.testng.internal.invokers.TestMethodWorker.run(TestMethodWorker.java:128)
	at java.base/java.util.concurrent.Executors$RunnableAdapter.call(Executors.java:539)
	at java.base/java.util.concurrent.FutureTask.run(FutureTask.java:264)
	at org.testng.internal.thread.graph.TestNGFutureTask.run(TestNGFutureTask.java:22)
	at java.base/java.util.concurrent.ThreadPoolExecutor.runWorker(ThreadPoolExecutor.java:1136)
	at java.base/java.util.concurrent.ThreadPoolExecutor$Worker.run(ThreadPoolExecutor.java:635)
	at java.base/java.lang.Thread.run(Thread.java:840)
</pre></div></td>
<td>47</td>
<td>testCase.TS_02_ValidationOfScheduling@dc7df28</td></tr>
</table><p>
<table width='100%' border='1' class='invocation-passed'>
<tr><td colspan='4' align='center'><b>PASSED TESTS</b></td></tr>
<tr><td><b>Test method</b></td>
<td><b>Attribute(s)</b></td>
<td width="30%"><b>Exception</b></td>
<td width="10%"><b>Time (seconds)</b></td>
<td><b>Instance</b></td>
</tr>
<tr>
<td title='testCase.TS_01_ValidationOfHomePage.functionalityValidation()'><b>functionalityValidation</b><br>Test class: testCase.TS_01_ValidationOfHomePage</td>
<td></td>
<td>4</td>
<td>testCase.TS_01_ValidationOfHomePage@15888343</td></tr>
<tr>
<td title='testCase.TS_03_ValidationSergeriesPage.contactDetails()'><b>contactDetails</b><br>Test class: testCase.TS_03_ValidationSergeriesPage</td>
<td></td>
<td>6</td>
<td>testCase.TS_03_ValidationSergeriesPage@30f842ca</td></tr>
<tr>
<td title='testCase.TS_04_ValidationOfLabTest.needHelpBlockValidation()'><b>needHelpBlockValidation</b><br>Test class: testCase.TS_04_ValidationOfLabTest</td>
<td></td>
<td>10</td>
<td>testCase.TS_04_ValidationOfLabTest@69c81773</td></tr>
<tr>
<td title='testCase.TS_05_ValidationOfSearchPage.professionValidation()'><b>professionValidation</b><br>Test class: testCase.TS_05_ValidationOfSearchPage</td>
<td></td>
<td>6</td>
<td>testCase.TS_05_ValidationOfSearchPage@4d14b6c2</td></tr>
<tr>
<td title='testCase.TS_01_ValidationOfHomePage.downloadValidation()'><b>downloadValidation</b><br>Test class: testCase.TS_01_ValidationOfHomePage</td>
<td></td>
<td>0</td>
<td>testCase.TS_01_ValidationOfHomePage@15888343</td></tr>
<tr>
<td title='testCase.TS_04_ValidationOfLabTest.allCitiesBlockAvailable()'><b>allCitiesBlockAvailable</b><br>Test class: testCase.TS_04_ValidationOfLabTest</td>
<td></td>
<td>10</td>
<td>testCase.TS_04_ValidationOfLabTest@69c81773</td></tr>
<tr>
<td title='testCase.TS_01_ValidationOfHomePage.copyRightValidation()'><b>copyRightValidation</b><br>Test class: testCase.TS_01_ValidationOfHomePage</td>
<td></td>
<td>1</td>
<td>testCase.TS_01_ValidationOfHomePage@15888343</td></tr>
<tr>
<td title='testCase.TS_02_ValidationOfScheduling.withAllValidDetails()'><b>withAllValidDetails</b><br>Test class: testCase.TS_02_ValidationOfScheduling<br>Parameters: [Ljava.lang.String;@51c929ae</td>
<td></td>
<td>11</td>
<td>testCase.TS_02_ValidationOfScheduling@dc7df28</td></tr>
<tr>
<td title='testCase.TS_02_ValidationOfScheduling.withAllValidDetails()'><b>withAllValidDetails</b><br>Test class: testCase.TS_02_ValidationOfScheduling<br>Parameters: [Ljava.lang.String;@3c8bdd5b</td>
<td></td>
<td>18</td>
<td>testCase.TS_02_ValidationOfScheduling@dc7df28</td></tr>
<tr>
<td title='testCase.TS_04_ValidationOfLabTest.addToCartValidation()'><b>addToCartValidation</b><br>Test class: testCase.TS_04_ValidationOfLabTest</td>
<td></td>
<td>10</td>
<td>testCase.TS_04_ValidationOfLabTest@69c81773</td></tr>
<tr>
<td title='testRunner.Runner.runScenario()'><b>runScenario</b><br>Test class: testRunner.Runner<br>Test method: Runs Cucumber Scenarios<br>Parameters: "Login-button Disabled", "Validation of Schedule a Demo Form"</td>
<td></td>
<td>27</td>
<td>testRunner.Runner@c05fddc</td></tr>
<tr>
<td title='testCase.TS_02_ValidationOfScheduling.withAllValidDetails()'><b>withAllValidDetails</b><br>Test class: testCase.TS_02_ValidationOfScheduling<br>Parameters: [Ljava.lang.String;@29d2d081</td>
<td></td>
<td>8</td>
<td>testCase.TS_02_ValidationOfScheduling@dc7df28</td></tr>
<tr>
<td title='testCase.TS_05_ValidationOfSearchPage.dropDownVerification()'><b>dropDownVerification</b><br>Test class: testCase.TS_05_ValidationOfSearchPage</td>
<td></td>
<td>29</td>
<td>testCase.TS_05_ValidationOfSearchPage@4d14b6c2</td></tr>
<tr>
<td title='testCase.TS_02_ValidationOfScheduling.isHealthIsClickable()'><b>isHealthIsClickable</b><br>Test class: testCase.TS_02_ValidationOfScheduling</td>
<td></td>
<td>26</td>
<td>testCase.TS_02_ValidationOfScheduling@dc7df28</td></tr>
<tr>
<td title='testCase.TS_05_ValidationOfSearchPage.verifyLocation()'><b>verifyLocation</b><br>Test class: testCase.TS_05_ValidationOfSearchPage</td>
<td></td>
<td>6</td>
<td>testCase.TS_05_ValidationOfSearchPage@4d14b6c2</td></tr>
<tr>
<td title='testCase.TS_04_ValidationOfLabTest.topCitiesBlockAvailable()'><b>topCitiesBlockAvailable</b><br>Test class: testCase.TS_04_ValidationOfLabTest</td>
<td></td>
<td>5</td>
<td>testCase.TS_04_ValidationOfLabTest@69c81773</td></tr>
<tr>
<td title='testCase.TS_05_ValidationOfSearchPage.userVerification()'><b>userVerification</b><br>Test class: testCase.TS_05_ValidationOfSearchPage</td>
<td></td>
<td>4</td>
<td>testCase.TS_05_ValidationOfSearchPage@4d14b6c2</td></tr>
<tr>
<td title='testCase.TS_03_ValidationSergeriesPage.howItWorks()'><b>howItWorks</b><br>Test class: testCase.TS_03_ValidationSergeriesPage</td>
<td></td>
<td>4</td>
<td>testCase.TS_03_ValidationSergeriesPage@30f842ca</td></tr>
<tr>
<td title='testRunner.Runner.runScenario()'><b>runScenario</b><br>Test class: testRunner.Runner<br>Test method: Runs Cucumber Scenarios<br>Parameters: "Login-button Disabled", "Validation of Schedule a Demo Form"</td>
<td></td>
<td>45</td>
<td>testRunner.Runner@c05fddc</td></tr>
<tr>
<td title='testCase.TS_03_ValidationSergeriesPage.practoCareBenifits()'><b>practoCareBenifits</b><br>Test class: testCase.TS_03_ValidationSergeriesPage</td>
<td></td>
<td>5</td>
<td>testCase.TS_03_ValidationSergeriesPage@30f842ca</td></tr>
<tr>
<td title='testCase.TS_03_ValidationSergeriesPage.allSurgeries()'><b>allSurgeries</b><br>Test class: testCase.TS_03_ValidationSergeriesPage</td>
<td></td>
<td>5</td>
<td>testCase.TS_03_ValidationSergeriesPage@30f842ca</td></tr>
<tr>
<td title='testCase.TS_05_ValidationOfSearchPage.professionVerification()'><b>professionVerification</b><br>Test class: testCase.TS_05_ValidationOfSearchPage</td>
<td></td>
<td>24</td>
<td>testCase.TS_05_ValidationOfSearchPage@4d14b6c2</td></tr>
<tr>
<td title='testCase.TS_01_ValidationOfHomePage.loginValidation()'><b>loginValidation</b><br>Test class: testCase.TS_01_ValidationOfHomePage</td>
<td></td>
<td>2</td>
<td>testCase.TS_01_ValidationOfHomePage@15888343</td></tr>
<tr>
<td title='testCase.TS_04_ValidationOfLabTest.isLabTestclickable()'><b>isLabTestclickable</b><br>Test class: testCase.TS_04_ValidationOfLabTest</td>
<td></td>
<td>16</td>
<td>testCase.TS_04_ValidationOfLabTest@69c81773</td></tr>
<tr>
<td title='testRunner.Runner.runScenario()'><b>runScenario</b><br>Test class: testRunner.Runner<br>Test method: Runs Cucumber Scenarios<br>Parameters: "Login-button enabled", "Validation of Schedule a Demo Form"</td>
<td></td>
<td>50</td>
<td>testRunner.Runner@c05fddc</td></tr>
<tr>
<td title='testCase.TS_01_ValidationOfHomePage.logoValidation()'><b>logoValidation</b><br>Test class: testCase.TS_01_ValidationOfHomePage</td>
<td></td>
<td>0</td>
<td>testCase.TS_01_ValidationOfHomePage@15888343</td></tr>
<tr>
<td title='testCase.TS_02_ValidationOfScheduling.withAllValidDetails()'><b>withAllValidDetails</b><br>Test class: testCase.TS_02_ValidationOfScheduling<br>Parameters: [Ljava.lang.String;@40e4ea87</td>
<td></td>
<td>19</td>
<td>testCase.TS_02_ValidationOfScheduling@dc7df28</td></tr>
<tr>
<td title='testRunner.Runner.runScenario()'><b>runScenario</b><br>Test class: testRunner.Runner<br>Test method: Runs Cucumber Scenarios<br>Parameters: "Login-button Disabled", "Validation of Schedule a Demo Form"</td>
<td></td>
<td>35</td>
<td>testRunner.Runner@c05fddc</td></tr>
<tr>
<td title='testCase.TS_03_ValidationSergeriesPage.allDepartment()'><b>allDepartment</b><br>Test class: testCase.TS_03_ValidationSergeriesPage</td>
<td></td>
<td>6</td>
<td>testCase.TS_03_ValidationSergeriesPage@30f842ca</td></tr>
</table><p>
</body>
</html>